# JRE version: Java(TM) SE Runtime Environment (8.0_152-b16) (build 1.8.0_152-b16)
# Java VM: Java HotSpot(TM) 64-Bit Server VM (25.152-b16 mixed mode bsd-amd64 compressed oops)
Heap:
 PSYoungGen      total 299520K, used 76295K [0x00000007aab00000, 0x00000007c0000000, 0x00000007c0000000)
  eden space 253440K, 27% used [0x00000007aab00000,0x00000007af033498,0x00000007ba280000)
  from space 46080K, 11% used [0x00000007bd080000,0x00000007bd5ceb38,0x00000007bfd80000)
  to   space 47104K, 0% used [0x00000007ba280000,0x00000007ba280000,0x00000007bd080000)
 ParOldGen       total 201216K, used 49480K [0x0000000780000000, 0x000000078c480000, 0x00000007aab00000)
  object space 201216K, 24% used [0x0000000780000000,0x0000000783052300,0x000000078c480000)
 Metaspace       used 68366K, capacity 70508K, committed 70548K, reserved 1112064K
  class space    used 8166K, capacity 8634K, committed 8636K, reserved 1048576K
GC Heap History (10 events):
Event: 2329.080 GC heap before
{Heap before GC invocations=20 (full 4):
 PSYoungGen      total 268800K, used 244921K [0x00000007aab00000, 0x00000007bfc80000, 0x00000007c0000000)
  eden space 220672K, 100% used [0x00000007aab00000,0x00000007b8280000,0x00000007b8280000)
  from space 48128K, 50% used [0x00000007b8280000,0x00000007b9a2e548,0x00000007bb180000)
  to   space 46080K, 0% used [0x00000007bcf80000,0x00000007bcf80000,0x00000007bfc80000)
 ParOldGen       total 201216K, used 32134K [0x0000000780000000, 0x000000078c480000, 0x00000007aab00000)
  object space 201216K, 15% used [0x0000000780000000,0x0000000781f619e8,0x000000078c480000)
 Metaspace       used 62435K, capacity 63716K, committed 64788K, reserved 1105920K
  class space    used 7475K, capacity 7786K, committed 7996K, reserved 1048576K
Event: 2329.107 GC heap after
Heap after GC invocations=20 (full 4):
 PSYoungGen      total 295936K, used 37999K [0x00000007aab00000, 0x00000007c0000000, 0x00000007c0000000)
  eden space 249856K, 0% used [0x00000007aab00000,0x00000007aab00000,0x00000007b9f00000)
  from space 46080K, 82% used [0x00000007bcf80000,0x00000007bf49bfc8,0x00000007bfc80000)
  to   space 49664K, 0% used [0x00000007b9f00000,0x00000007b9f00000,0x00000007bcf80000)
 ParOldGen       total 201216K, used 32142K [0x0000000780000000, 0x000000078c480000, 0x00000007aab00000)
  object space 201216K, 15% used [0x0000000780000000,0x0000000781f639e8,0x000000078c480000)
 Metaspace       used 62435K, capacity 63716K, committed 64788K, reserved 1105920K
  class space    used 7475K, capacity 7786K, committed 7996K, reserved 1048576K
}
Event: 2329.958 GC heap before
{Heap before GC invocations=21 (full 4):
 PSYoungGen      total 295936K, used 285738K [0x00000007aab00000, 0x00000007c0000000, 0x00000007c0000000)
  eden space 249856K, 99% used [0x00000007aab00000,0x00000007b9ceea68,0x00000007b9f00000)
  from space 46080K, 82% used [0x00000007bcf80000,0x00000007bf49bfc8,0x00000007bfc80000)
  to   space 49664K, 0% used [0x00000007b9f00000,0x00000007b9f00000,0x00000007bcf80000)
 ParOldGen       total 201216K, used 32142K [0x0000000780000000, 0x000000078c480000, 0x00000007aab00000)
  object space 201216K, 15% used [0x0000000780000000,0x0000000781f639e8,0x000000078c480000)
 Metaspace       used 63509K, capacity 64872K, committed 65940K, reserved 1107968K
  class space    used 7599K, capacity 7910K, committed 8124K, reserved 1048576K
Event: 2329.970 GC heap after
Heap after GC invocations=21 (full 4):
 PSYoungGen      total 299520K, used 31000K [0x00000007aab00000, 0x00000007c0000000, 0x00000007c0000000)
  eden space 249856K, 0% used [0x00000007aab00000,0x00000007aab00000,0x00000007b9f00000)
  from space 49664K, 62% used [0x00000007b9f00000,0x00000007bbd46050,0x00000007bcf80000)
  to   space 49664K, 0% used [0x00000007bcf80000,0x00000007bcf80000,0x00000007c0000000)
 ParOldGen       total 201216K, used 32150K [0x0000000780000000, 0x000000078c480000, 0x00000007aab00000)
  object space 201216K, 15% used [0x0000000780000000,0x0000000781f659e8,0x000000078c480000)
 Metaspace       used 63509K, capacity 64872K, committed 65940K, reserved 1107968K
  class space    used 7599K, capacity 7910K, committed 8124K, reserved 1048576K
}
Event: 2330.192 GC heap before
{Heap before GC invocations=22 (full 4):
 PSYoungGen      total 299520K, used 280856K [0x00000007aab00000, 0x00000007c0000000, 0x00000007c0000000)
  eden space 249856K, 100% used [0x00000007aab00000,0x00000007b9f00000,0x00000007b9f00000)
  from space 49664K, 62% used [0x00000007b9f00000,0x00000007bbd46050,0x00000007bcf80000)
  to   space 49664K, 0% used [0x00000007bcf80000,0x00000007bcf80000,0x00000007c0000000)
 ParOldGen       total 201216K, used 32150K [0x0000000780000000, 0x000000078c480000, 0x00000007aab00000)
  object space 201216K, 15% used [0x0000000780000000,0x0000000781f659e8,0x000000078c480000)
 Metaspace       used 64776K, capacity 66284K, committed 67092K, reserved 1107968K
  class space    used 7773K, capacity 8126K, committed 8252K, reserved 1048576K
Event: 2330.208 GC heap after
Heap after GC invocations=22 (full 4):
 PSYoungGen      total 296448K, used 20442K [0x00000007aab00000, 0x00000007bfd00000, 0x00000007c0000000)
  eden space 249856K, 0% used [0x00000007aab00000,0x00000007aab00000,0x00000007b9f00000)
  from space 46592K, 43% used [0x00000007bcf80000,0x00000007be3768e0,0x00000007bfd00000)
  to   space 48128K, 0% used [0x00000007b9f00000,0x00000007b9f00000,0x00000007bce00000)
 ParOldGen       total 201216K, used 42752K [0x0000000780000000, 0x000000078c480000, 0x00000007aab00000)
  object space 201216K, 21% used [0x0000000780000000,0x00000007829c01d0,0x000000078c480000)
 Metaspace       used 64776K, capacity 66284K, committed 67092K, reserved 1107968K
  class space    used 7773K, capacity 8126K, committed 8252K, reserved 1048576K
}
Event: 2397.005 GC heap before
{Heap before GC invocations=23 (full 4):
 PSYoungGen      total 296448K, used 270298K [0x00000007aab00000, 0x00000007bfd00000, 0x00000007c0000000)
  eden space 249856K, 100% used [0x00000007aab00000,0x00000007b9f00000,0x00000007b9f00000)
  from space 46592K, 43% used [0x00000007bcf80000,0x00000007be3768e0,0x00000007bfd00000)
  to   space 48128K, 0% used [0x00000007b9f00000,0x00000007b9f00000,0x00000007bce00000)
 ParOldGen       total 201216K, used 42752K [0x0000000780000000, 0x000000078c480000, 0x00000007aab00000)
  object space 201216K, 21% used [0x0000000780000000,0x00000007829c01d0,0x000000078c480000)
 Metaspace       used 67149K, capacity 68848K, committed 69780K, reserved 1110016K
  class space    used 8056K, capacity 8448K, committed 8636K, reserved 1048576K
Event: 2397.018 GC heap after
Heap after GC invocations=23 (full 4):
 PSYoungGen      total 297984K, used 20427K [0x00000007aab00000, 0x00000007bfd80000, 0x00000007c0000000)
  eden space 249856K, 0% used [0x00000007aab00000,0x00000007aab00000,0x00000007b9f00000)
  from space 48128K, 42% used [0x00000007b9f00000,0x00000007bb2f2ca8,0x00000007bce00000)
  to   space 46080K, 0% used [0x00000007bd080000,0x00000007bd080000,0x00000007bfd80000)
 ParOldGen       total 201216K, used 43546K [0x0000000780000000, 0x000000078c480000, 0x00000007aab00000)
  object space 201216K, 21% used [0x0000000780000000,0x0000000782a868f0,0x000000078c480000)
 Metaspace       used 67149K, capacity 68848K, committed 69780K, reserved 1110016K
  class space    used 8056K, capacity 8448K, committed 8636K, reserved 1048576K
}
Event: 2398.298 GC heap before
{Heap before GC invocations=24 (full 4):
 PSYoungGen      total 297984K, used 270283K [0x00000007aab00000, 0x00000007bfd80000, 0x00000007c0000000)
  eden space 249856K, 100% used [0x00000007aab00000,0x00000007b9f00000,0x00000007b9f00000)
  from space 48128K, 42% used [0x00000007b9f00000,0x00000007bb2f2ca8,0x00000007bce00000)
  to   space 46080K, 0% used [0x00000007bd080000,0x00000007bd080000,0x00000007bfd80000)
 ParOldGen       total 201216K, used 43546K [0x0000000780000000, 0x000000078c480000, 0x00000007aab00000)
  object space 201216K, 21% used [0x0000000780000000,0x0000000782a868f0,0x000000078c480000)
 Metaspace       used 68303K, capacity 70440K, committed 70548K, reserved 1112064K
  class space    used 8166K, capacity 8634K, committed 8636K, reserved 1048576K
Event: 2398.306 GC heap after
Heap after GC invocations=24 (full 4):
 PSYoungGen      total 299520K, used 5434K [0x00000007aab00000, 0x00000007c0000000, 0x00000007c0000000)
  eden space 253440K, 0% used [0x00000007aab00000,0x00000007aab00000,0x00000007ba280000)
  from space 46080K, 11% used [0x00000007bd080000,0x00000007bd5ceb38,0x00000007bfd80000)
  to   space 47104K, 0% used [0x00000007ba280000,0x00000007ba280000,0x00000007bd080000)
 ParOldGen       total 201216K, used 49480K [0x0000000780000000, 0x000000078c480000, 0x00000007aab00000)
  object space 201216K, 24% used [0x0000000780000000,0x0000000783052300,0x000000078c480000)
 Metaspace       used 68303K, capacity 70440K, committed 70548K, reserved 1112064K
  class space    used 8166K, capacity 8634K, committed 8636K, reserved 1048576K
}

