# JRE version: Java(TM) SE Runtime Environment (8.0_152-b16) (build 1.8.0_152-b16)
# Java VM: Java HotSpot(TM) 64-Bit Server VM (25.152-b16 mixed mode bsd-amd64 compressed oops)
Heap:
 PSYoungGen      total 295424K, used 196664K [0x00000007aab00000, 0x00000007c0000000, 0x00000007c0000000)
  eden space 245760K, 65% used [0x00000007aab00000,0x00000007b492bad8,0x00000007b9b00000)
  from space 49664K, 69% used [0x00000007bcf80000,0x00000007bf162880,0x00000007c0000000)
  to   space 51712K, 0% used [0x00000007b9b00000,0x00000007b9b00000,0x00000007bcd80000)
 ParOldGen       total 243200K, used 46265K [0x0000000780000000, 0x000000078ed80000, 0x00000007aab00000)
  object space 243200K, 19% used [0x0000000780000000,0x0000000782d2e520,0x000000078ed80000)
 Metaspace       used 61690K, capacity 62886K, committed 63192K, reserved 1103872K
  class space    used 7578K, capacity 7847K, committed 7896K, reserved 1048576K
GC Heap History (10 events):
Event: 91.055 GC heap before
{Heap before GC invocations=12 (full 3):
 PSYoungGen      total 230912K, used 230881K [0x00000007aab00000, 0x00000007bbc80000, 0x00000007c0000000)
  eden space 200192K, 100% used [0x00000007aab00000,0x00000007b6e80000,0x00000007b6e80000)
  from space 30720K, 99% used [0x00000007b9200000,0x00000007baff8790,0x00000007bb000000)
  to   space 36352K, 0% used [0x00000007b6e80000,0x00000007b6e80000,0x00000007b9200000)
 ParOldGen       total 183808K, used 38400K [0x0000000780000000, 0x000000078b380000, 0x00000007aab00000)
  object space 183808K, 20% used [0x0000000780000000,0x0000000782580018,0x000000078b380000)
 Metaspace       used 56969K, capacity 58020K, committed 58456K, reserved 1099776K
  class space    used 7163K, capacity 7402K, committed 7512K, reserved 1048576K
Event: 91.085 GC heap after
Heap after GC invocations=12 (full 3):
 PSYoungGen      total 236544K, used 32333K [0x00000007aab00000, 0x00000007bfa00000, 0x00000007c0000000)
  eden space 200192K, 0% used [0x00000007aab00000,0x00000007aab00000,0x00000007b6e80000)
  from space 36352K, 88% used [0x00000007b6e80000,0x00000007b8e13608,0x00000007b9200000)
  to   space 40960K, 0% used [0x00000007bd200000,0x00000007bd200000,0x00000007bfa00000)
 ParOldGen       total 183808K, used 38408K [0x0000000780000000, 0x000000078b380000, 0x00000007aab00000)
  object space 183808K, 20% used [0x0000000780000000,0x0000000782582018,0x000000078b380000)
 Metaspace       used 56969K, capacity 58020K, committed 58456K, reserved 1099776K
  class space    used 7163K, capacity 7402K, committed 7512K, reserved 1048576K
}
Event: 91.386 GC heap before
{Heap before GC invocations=13 (full 3):
 PSYoungGen      total 236544K, used 110310K [0x00000007aab00000, 0x00000007bfa00000, 0x00000007c0000000)
  eden space 200192K, 38% used [0x00000007aab00000,0x00000007af7262c8,0x00000007b6e80000)
  from space 36352K, 88% used [0x00000007b6e80000,0x00000007b8e13608,0x00000007b9200000)
  to   space 40960K, 0% used [0x00000007bd200000,0x00000007bd200000,0x00000007bfa00000)
 ParOldGen       total 183808K, used 38408K [0x0000000780000000, 0x000000078b380000, 0x00000007aab00000)
  object space 183808K, 20% used [0x0000000780000000,0x0000000782582018,0x000000078b380000)
 Metaspace       used 57586K, capacity 58682K, committed 58968K, reserved 1101824K
  class space    used 7210K, capacity 7511K, committed 7512K, reserved 1048576K
Event: 91.412 GC heap after
Heap after GC invocations=13 (full 3):
 PSYoungGen      total 292864K, used 40949K [0x00000007aab00000, 0x00000007c0000000, 0x00000007c0000000)
  eden space 251904K, 0% used [0x00000007aab00000,0x00000007aab00000,0x00000007ba100000)
  from space 40960K, 99% used [0x00000007bd200000,0x00000007bf9fd470,0x00000007bfa00000)
  to   space 48640K, 0% used [0x00000007ba100000,0x00000007ba100000,0x00000007bd080000)
 ParOldGen       total 183808K, used 42924K [0x0000000780000000, 0x000000078b380000, 0x00000007aab00000)
  object space 183808K, 23% used [0x0000000780000000,0x00000007829eb070,0x000000078b380000)
 Metaspace       used 57586K, capacity 58682K, committed 58968K, reserved 1101824K
  class space    used 7210K, capacity 7511K, committed 7512K, reserved 1048576K
}
Event: 91.412 GC heap before
{Heap before GC invocations=14 (full 4):
 PSYoungGen      total 292864K, used 40949K [0x00000007aab00000, 0x00000007c0000000, 0x00000007c0000000)
  eden space 251904K, 0% used [0x00000007aab00000,0x00000007aab00000,0x00000007ba100000)
  from space 40960K, 99% used [0x00000007bd200000,0x00000007bf9fd470,0x00000007bfa00000)
  to   space 48640K, 0% used [0x00000007ba100000,0x00000007ba100000,0x00000007bd080000)
 ParOldGen       total 183808K, used 42924K [0x0000000780000000, 0x000000078b380000, 0x00000007aab00000)
  object space 183808K, 23% used [0x0000000780000000,0x00000007829eb070,0x000000078b380000)
 Metaspace       used 57586K, capacity 58682K, committed 58968K, reserved 1101824K
  class space    used 7210K, capacity 7511K, committed 7512K, reserved 1048576K
Event: 91.519 GC heap after
Heap after GC invocations=14 (full 4):
 PSYoungGen      total 292864K, used 0K [0x00000007aab00000, 0x00000007c0000000, 0x00000007c0000000)
  eden space 251904K, 0% used [0x00000007aab00000,0x00000007aab00000,0x00000007ba100000)
  from space 40960K, 0% used [0x00000007bd200000,0x00000007bd200000,0x00000007bfa00000)
  to   space 48640K, 0% used [0x00000007ba100000,0x00000007ba100000,0x00000007bd080000)
 ParOldGen       total 243200K, used 46249K [0x0000000780000000, 0x000000078ed80000, 0x00000007aab00000)
  object space 243200K, 19% used [0x0000000780000000,0x0000000782d2a520,0x000000078ed80000)
 Metaspace       used 55269K, capacity 56108K, committed 58968K, reserved 1101824K
  class space    used 6916K, capacity 7158K, committed 7512K, reserved 1048576K
}
Event: 93.647 GC heap before
{Heap before GC invocations=15 (full 4):
 PSYoungGen      total 292864K, used 251904K [0x00000007aab00000, 0x00000007c0000000, 0x00000007c0000000)
  eden space 251904K, 100% used [0x00000007aab00000,0x00000007ba100000,0x00000007ba100000)
  from space 40960K, 0% used [0x00000007bd200000,0x00000007bd200000,0x00000007bfa00000)
  to   space 48640K, 0% used [0x00000007ba100000,0x00000007ba100000,0x00000007bd080000)
 ParOldGen       total 243200K, used 46249K [0x0000000780000000, 0x000000078ed80000, 0x00000007aab00000)
  object space 243200K, 19% used [0x0000000780000000,0x0000000782d2a520,0x000000078ed80000)
 Metaspace       used 60300K, capacity 61332K, committed 61784K, reserved 1103872K
  class space    used 7421K, capacity 7684K, committed 7768K, reserved 1048576K
Event: 93.673 GC heap after
Heap after GC invocations=15 (full 4):
 PSYoungGen      total 282112K, used 30178K [0x00000007aab00000, 0x00000007c0000000, 0x00000007c0000000)
  eden space 251904K, 0% used [0x00000007aab00000,0x00000007aab00000,0x00000007ba100000)
  from space 30208K, 99% used [0x00000007ba100000,0x00000007bbe78b28,0x00000007bbe80000)
  to   space 49664K, 0% used [0x00000007bcf80000,0x00000007bcf80000,0x00000007c0000000)
 ParOldGen       total 243200K, used 46257K [0x0000000780000000, 0x000000078ed80000, 0x00000007aab00000)
  object space 243200K, 19% used [0x0000000780000000,0x0000000782d2c520,0x000000078ed80000)
 Metaspace       used 60300K, capacity 61332K, committed 61784K, reserved 1103872K
  class space    used 7421K, capacity 7684K, committed 7768K, reserved 1048576K
}
Event: 94.502 GC heap before
{Heap before GC invocations=16 (full 4):
 PSYoungGen      total 282112K, used 265349K [0x00000007aab00000, 0x00000007c0000000, 0x00000007c0000000)
  eden space 251904K, 93% used [0x00000007aab00000,0x00000007b90a8b88,0x00000007ba100000)
  from space 30208K, 99% used [0x00000007ba100000,0x00000007bbe78b28,0x00000007bbe80000)
  to   space 49664K, 0% used [0x00000007bcf80000,0x00000007bcf80000,0x00000007c0000000)
 ParOldGen       total 243200K, used 46257K [0x0000000780000000, 0x000000078ed80000, 0x00000007aab00000)
  object space 243200K, 19% used [0x0000000780000000,0x0000000782d2c520,0x000000078ed80000)
 Metaspace       used 60991K, capacity 62140K, committed 62296K, reserved 1103872K
  class space    used 7463K, capacity 7708K, committed 7768K, reserved 1048576K
Event: 94.514 GC heap after
Heap after GC invocations=16 (full 4):
 PSYoungGen      total 295424K, used 34698K [0x00000007aab00000, 0x00000007c0000000, 0x00000007c0000000)
  eden space 245760K, 0% used [0x00000007aab00000,0x00000007aab00000,0x00000007b9b00000)
  from space 49664K, 69% used [0x00000007bcf80000,0x00000007bf162880,0x00000007c0000000)
  to   space 51712K, 0% used [0x00000007b9b00000,0x00000007b9b00000,0x00000007bcd80000)
 ParOldGen       total 243200K, used 46265K [0x0000000780000000, 0x000000078ed80000, 0x00000007aab00000)
  object space 243200K, 19% used [0x0000000780000000,0x0000000782d2e520,0x000000078ed80000)
 Metaspace       used 60991K, capacity 62140K, committed 62296K, reserved 1103872K
  class space    used 7463K, capacity 7708K, committed 7768K, reserved 1048576K
}

